0 info it worked if it ends with ok
1 verbose cli [ '/usr/local/bin/node',
1 verbose cli   '/usr/local/bin/npm',
1 verbose cli   'install',
1 verbose cli   '-g',
1 verbose cli   'generator-angular' ]
2 info using npm@2.14.4
3 info using node@v4.1.2
4 verbose install initial load of /usr/local/lib/package.json
5 verbose readDependencies loading dependencies from /usr/local/lib/package.json
6 silly cache add args [ 'generator-angular', null ]
7 verbose cache add spec generator-angular
8 silly cache add parsed spec Result {
8 silly cache add   raw: 'generator-angular',
8 silly cache add   scope: null,
8 silly cache add   name: 'generator-angular',
8 silly cache add   rawSpec: '',
8 silly cache add   spec: '*',
8 silly cache add   type: 'range' }
9 silly addNamed generator-angular@*
10 verbose addNamed "*" is a valid semver range for generator-angular
11 silly addNameRange { name: 'generator-angular', range: '*', hasData: false }
12 silly mapToRegistry name generator-angular
13 silly mapToRegistry using default registry
14 silly mapToRegistry registry https://registry.npmjs.org/
15 silly mapToRegistry uri https://registry.npmjs.org/generator-angular
16 verbose addNameRange registry:https://registry.npmjs.org/generator-angular not in flight; fetching
17 verbose request uri https://registry.npmjs.org/generator-angular
18 verbose request no auth needed
19 info attempt registry request try #1 at 3:00:25 PM
20 verbose request id fea4e1a918020b8e
21 http request GET https://registry.npmjs.org/generator-angular
22 http 200 https://registry.npmjs.org/generator-angular
23 silly get cb [ 200,
23 silly get   { server: 'CouchDB/1.5.0 (Erlang OTP/R16B03)',
23 silly get     etag: '"5TOPVDR5F5YVA9IOD3UXUUM3F"',
23 silly get     'content-type': 'application/json',
23 silly get     'cache-control': 'max-age=60',
23 silly get     'content-length': '82587',
23 silly get     'accept-ranges': 'bytes',
23 silly get     date: 'Thu, 05 Nov 2015 21:00:25 GMT',
23 silly get     via: '1.1 varnish',
23 silly get     age: '3',
23 silly get     connection: 'keep-alive',
23 silly get     'x-served-by': 'cache-atl6224-ATL',
23 silly get     'x-cache': 'HIT',
23 silly get     'x-cache-hits': '1',
23 silly get     'x-timer': 'S1446757225.455943,VS0,VE0',
23 silly get     vary: 'Accept' } ]
24 verbose get saving generator-angular to /Users/venkataadityanandyala1/.npm/registry.npmjs.org/generator-angular/.cache.json
25 silly addNameRange number 2 { name: 'generator-angular', range: '*', hasData: true }
26 silly addNameRange versions [ 'generator-angular',
26 silly addNameRange   [ '0.1.0',
26 silly addNameRange     '0.1.1',
26 silly addNameRange     '0.1.2',
26 silly addNameRange     '0.1.3',
26 silly addNameRange     '0.1.4',
26 silly addNameRange     '0.1.5',
26 silly addNameRange     '0.2.0',
26 silly addNameRange     '0.2.1',
26 silly addNameRange     '0.2.2',
26 silly addNameRange     '0.3.0',
26 silly addNameRange     '0.3.1',
26 silly addNameRange     '0.4.0',
26 silly addNameRange     '0.5.0',
26 silly addNameRange     '0.5.1',
26 silly addNameRange     '0.6.0-rc.1',
26 silly addNameRange     '0.6.0-rc.2',
26 silly addNameRange     '0.6.0',
26 silly addNameRange     '0.7.0',
26 silly addNameRange     '0.7.1',
26 silly addNameRange     '0.8.0',
26 silly addNameRange     '0.9.0-0',
26 silly addNameRange     '0.9.0-1',
26 silly addNameRange     '0.9.0',
26 silly addNameRange     '0.9.1',
26 silly addNameRange     '0.9.2',
26 silly addNameRange     '0.9.3',
26 silly addNameRange     '0.9.5',
26 silly addNameRange     '0.9.6',
26 silly addNameRange     '0.9.7',
26 silly addNameRange     '0.9.8',
26 silly addNameRange     '0.10.0',
26 silly addNameRange     '0.11.0',
26 silly addNameRange     '0.11.1',
26 silly addNameRange     '0.12.0',
26 silly addNameRange     '0.11.2',
26 silly addNameRange     '0.12.1',
26 silly addNameRange     '0.13.0',
26 silly addNameRange     '0.13.1',
26 silly addNameRange     '0.13.2',
26 silly addNameRange     '0.13.3',
26 silly addNameRange     '0.13.4',
26 silly addNameRange     '0.14.0' ] ]
27 silly addNamed generator-angular@0.14.0
28 verbose addNamed "0.14.0" is a plain semver version for generator-angular
29 silly mapToRegistry name generator-angular
30 silly mapToRegistry using default registry
31 silly mapToRegistry registry https://registry.npmjs.org/
32 silly mapToRegistry uri https://registry.npmjs.org/generator-angular
33 verbose addRemoteTarball https://registry.npmjs.org/generator-angular/-/generator-angular-0.14.0.tgz not in flight; adding
34 verbose addRemoteTarball [ 'https://registry.npmjs.org/generator-angular/-/generator-angular-0.14.0.tgz',
34 verbose addRemoteTarball   'a5d91dacff08894623f80e16dd0e5df99fe56734' ]
35 info retry fetch attempt 1 at 3:00:25 PM
36 info attempt registry request try #1 at 3:00:25 PM
37 http fetch GET https://registry.npmjs.org/generator-angular/-/generator-angular-0.14.0.tgz
38 http fetch 200 https://registry.npmjs.org/generator-angular/-/generator-angular-0.14.0.tgz
39 silly fetchAndShaCheck shasum a5d91dacff08894623f80e16dd0e5df99fe56734
40 verbose addTmpTarball /var/folders/k6/j2dmdf1x6jv1jcmjgyg_8hrh0000gp/T/npm-36470-d1f0a81d/registry.npmjs.org/generator-angular/-/generator-angular-0.14.0.tgz not in flight; adding
41 verbose addTmpTarball already have metadata; skipping unpack for generator-angular@0.14.0
42 silly cache afterAdd generator-angular@0.14.0
43 verbose afterAdd /Users/venkataadityanandyala1/.npm/generator-angular/0.14.0/package/package.json not in flight; writing
44 verbose afterAdd /Users/venkataadityanandyala1/.npm/generator-angular/0.14.0/package/package.json written
45 silly install resolved [ { name: 'generator-angular',
45 silly install resolved     version: '0.14.0',
45 silly install resolved     description: 'Yeoman generator for AngularJS',
45 silly install resolved     keywords:
45 silly install resolved      [ 'yeoman-generator',
45 silly install resolved        'scaffold',
45 silly install resolved        'framework',
45 silly install resolved        'component',
45 silly install resolved        'front-end',
45 silly install resolved        'app',
45 silly install resolved        'angular' ],
45 silly install resolved     author: { name: 'The Yeoman Team' },
45 silly install resolved     main: 'app/index.js',
45 silly install resolved     files:
45 silly install resolved      [ 'app',
45 silly install resolved        'common',
45 silly install resolved        'constant',
45 silly install resolved        'controller',
45 silly install resolved        'decorator',
45 silly install resolved        'directive',
45 silly install resolved        'factory',
45 silly install resolved        'filter',
45 silly install resolved        'main',
45 silly install resolved        'provider',
45 silly install resolved        'route',
45 silly install resolved        'service',
45 silly install resolved        'templates',
45 silly install resolved        'value',
45 silly install resolved        'view',
45 silly install resolved        'script-base.js',
45 silly install resolved        'util.js' ],
45 silly install resolved     repository:
45 silly install resolved      { type: 'git',
45 silly install resolved        url: 'git+https://github.com/yeoman/generator-angular.git' },
45 silly install resolved     scripts: { test: 'mocha' },
45 silly install resolved     dependencies:
45 silly install resolved      { chalk: '^1.0.0',
45 silly install resolved        wiredep: '^2.2.0',
45 silly install resolved        'yeoman-generator': '^0.16.0',
45 silly install resolved        yosay: '^1.0.2' },
45 silly install resolved     peerDependencies: { 'generator-karma': '>=0.9.0' },
45 silly install resolved     devDependencies:
45 silly install resolved      { grunt: '^0.4.5',
45 silly install resolved        'grunt-bump': '^0.6.0',
45 silly install resolved        'grunt-contrib-jshint': '^0.11.0',
45 silly install resolved        'grunt-conventional-github-releaser': '^0.5.0',
45 silly install resolved        'load-grunt-tasks': '^3.1.0',
45 silly install resolved        mocha: '*',
45 silly install resolved        'underscore.string': '^3.0.3' },
45 silly install resolved     engines: { node: '>=0.10.0' },
45 silly install resolved     license: 'BSD-2-Clause',
45 silly install resolved     gitHead: 'eea08897e8f7192cd3882f1e948bbf55e107bdcd',
45 silly install resolved     bugs: { url: 'https://github.com/yeoman/generator-angular/issues' },
45 silly install resolved     homepage: 'https://github.com/yeoman/generator-angular#readme',
45 silly install resolved     _id: 'generator-angular@0.14.0',
45 silly install resolved     _shasum: 'a5d91dacff08894623f80e16dd0e5df99fe56734',
45 silly install resolved     _from: 'generator-angular@*',
45 silly install resolved     _npmVersion: '3.3.4',
45 silly install resolved     _nodeVersion: '4.1.1',
45 silly install resolved     _npmUser: { name: 'eddiemonge', email: 'eddie+npm@eddiemonge.com' },
45 silly install resolved     maintainers:
45 silly install resolved      [ [Object],
45 silly install resolved        [Object],
45 silly install resolved        [Object],
45 silly install resolved        [Object],
45 silly install resolved        [Object],
45 silly install resolved        [Object],
45 silly install resolved        [Object],
45 silly install resolved        [Object] ],
45 silly install resolved     dist:
45 silly install resolved      { shasum: 'a5d91dacff08894623f80e16dd0e5df99fe56734',
45 silly install resolved        tarball: 'http://registry.npmjs.org/generator-angular/-/generator-angular-0.14.0.tgz' },
45 silly install resolved     directories: {},
45 silly install resolved     _resolved: 'https://registry.npmjs.org/generator-angular/-/generator-angular-0.14.0.tgz' } ]
46 info install generator-angular@0.14.0 into /usr/local/lib
47 info installOne generator-angular@0.14.0
48 verbose installOne of generator-angular to /usr/local/lib not in flight; installing
49 verbose lock using /Users/venkataadityanandyala1/.npm/_locks/generator-angular-8c05db5f74b13054.lock for /usr/local/lib/node_modules/generator-angular
50 silly install write writing generator-angular 0.14.0 to /usr/local/lib/node_modules/generator-angular
51 verbose unbuild lib/node_modules/generator-angular
52 silly gentlyRm /usr/local/lib/node_modules/generator-angular is being purged from base /usr/local
53 verbose gentlyRm don't care about contents; nuking /usr/local/lib/node_modules/generator-angular
54 verbose tar unpack /Users/venkataadityanandyala1/.npm/generator-angular/0.14.0/package.tgz
55 verbose tar unpacking to /usr/local/lib/node_modules/generator-angular
56 silly gentlyRm /usr/local/lib/node_modules/generator-angular is being purged
57 verbose gentlyRm don't care about contents; nuking /usr/local/lib/node_modules/generator-angular
58 silly gunzTarPerm modes [ '755', '644' ]
59 error tar.unpack untar error /Users/venkataadityanandyala1/.npm/generator-angular/0.14.0/package.tgz
60 verbose unlock done using /Users/venkataadityanandyala1/.npm/_locks/generator-angular-8c05db5f74b13054.lock for /usr/local/lib/node_modules/generator-angular
61 verbose fstream_path /usr/local/lib/node_modules/generator-angular
62 verbose fstream_type Directory
63 verbose fstream_class DirWriter
64 verbose stack Error: EACCES: permission denied, mkdir '/usr/local/lib/node_modules/generator-angular'
64 verbose stack     at Error (native)
65 verbose fstream_stack /usr/local/lib/node_modules/npm/node_modules/fstream/lib/dir-writer.js:35:25
65 verbose fstream_stack /usr/local/lib/node_modules/npm/node_modules/mkdirp/index.js:47:53
65 verbose fstream_stack FSReqWrap.oncomplete (fs.js:82:15)
66 verbose cwd /Users/venkataadityanandyala1/angular-seed
67 error Darwin 15.0.0
68 error argv "/usr/local/bin/node" "/usr/local/bin/npm" "install" "-g" "generator-angular"
69 error node v4.1.2
70 error npm  v2.14.4
71 error path /usr/local/lib/node_modules/generator-angular
72 error code EACCES
73 error errno -13
74 error syscall mkdir
75 error Error: EACCES: permission denied, mkdir '/usr/local/lib/node_modules/generator-angular'
75 error     at Error (native)
75 error  { [Error: EACCES: permission denied, mkdir '/usr/local/lib/node_modules/generator-angular']
75 error   errno: -13,
75 error   code: 'EACCES',
75 error   syscall: 'mkdir',
75 error   path: '/usr/local/lib/node_modules/generator-angular',
75 error   fstream_type: 'Directory',
75 error   fstream_path: '/usr/local/lib/node_modules/generator-angular',
75 error   fstream_class: 'DirWriter',
75 error   fstream_stack:
75 error    [ '/usr/local/lib/node_modules/npm/node_modules/fstream/lib/dir-writer.js:35:25',
75 error      '/usr/local/lib/node_modules/npm/node_modules/mkdirp/index.js:47:53',
75 error      'FSReqWrap.oncomplete (fs.js:82:15)' ] }
76 error Please try running this command again as root/Administrator.
77 verbose exit [ -13, true ]
78 verbose unbuild lib/node_modules/generator-angular
79 silly gentlyRm /usr/local/lib/node_modules/generator-angular is being purged from base /usr/local
80 verbose gentlyRm don't care about contents; nuking /usr/local/lib/node_modules/generator-angular
